{"numFailedTestSuites":3,"numFailedTests":4,"numPassedTestSuites":7,"numPassedTests":22,"numPendingTestSuites":0,"numPendingTests":0,"numRuntimeErrorTestSuites":0,"numTodoTests":0,"numTotalTestSuites":10,"numTotalTests":26,"openHandles":[],"snapshot":{"added":0,"didUpdate":false,"failure":false,"filesAdded":0,"filesRemoved":0,"filesRemovedList":[],"filesUnmatched":0,"filesUpdated":0,"matched":0,"total":0,"unchecked":0,"uncheckedKeysByFile":[],"unmatched":0,"updated":0},"startTime":1778631578037,"success":false,"testResults":[{"assertionResults":[{"ancestorTitles":["Feature: View debt breakdown"],"duration":619,"failureDetails":[{}],"failureMessages":["Error: Found multiple elements with text: For Taxi\n    at Object.getByText (C:\\Users\\carli\\Documents\\ES\\T5\\__tests__\\debt-breakdown.acceptance.test.tsx:26:12)\n    at Promise.then.completed (C:\\Users\\carli\\Documents\\ES\\T5\\node_modules\\jest-circus\\build\\utils.js:298:28)\n    at new Promise (<anonymous>)\n    at callAsyncCircusFn (C:\\Users\\carli\\Documents\\ES\\T5\\node_modules\\jest-circus\\build\\utils.js:231:10)\n    at _callCircusTest (C:\\Users\\carli\\Documents\\ES\\T5\\node_modules\\jest-circus\\build\\run.js:316:40)\n    at _runTest (C:\\Users\\carli\\Documents\\ES\\T5\\node_modules\\jest-circus\\build\\run.js:252:3)\n    at _runTestsForDescribeBlock (C:\\Users\\carli\\Documents\\ES\\T5\\node_modules\\jest-circus\\build\\run.js:126:9)\n    at _runTestsForDescribeBlock (C:\\Users\\carli\\Documents\\ES\\T5\\node_modules\\jest-circus\\build\\run.js:121:9)\n    at run (C:\\Users\\carli\\Documents\\ES\\T5\\node_modules\\jest-circus\\build\\run.js:71:3)\n    at runAndTransformResultsToJestFormat (C:\\Users\\carli\\Documents\\ES\\T5\\node_modules\\jest-circus\\build\\legacy-code-todo-rewrite\\jestAdapterInit.js:122:21)\n    at jestAdapter (C:\\Users\\carli\\Documents\\ES\\T5\\node_modules\\jest-circus\\build\\legacy-code-todo-rewrite\\jestAdapter.js:79:19)\n    at runTestInternal (C:\\Users\\carli\\Documents\\ES\\T5\\node_modules\\jest-runner\\build\\runTest.js:367:16)\n    at runTest (C:\\Users\\carli\\Documents\\ES\\T5\\node_modules\\jest-runner\\build\\runTest.js:444:34)"],"fullName":"Feature: View debt breakdown Scenario: Given the current user is part of shared expenses, When the dashboard is viewed and a new expense paid by someone else is added, Then the breakdown separates money the user covered from money the user owes","invocations":1,"location":null,"numPassingAsserts":5,"retryReasons":[],"status":"failed","title":"Scenario: Given the current user is part of shared expenses, When the dashboard is viewed and a new expense paid by someone else is added, Then the breakdown separates money the user covered from money the user owes"}],"endTime":1778631584276,"message":"\u001b[1m\u001b[31m  \u001b[1m● \u001b[22m\u001b[1mFeature: View debt breakdown › Scenario: Given the current user is part of shared expenses, When the dashboard is viewed and a new expense paid by someone else is added, Then the breakdown separates money the user covered from money the user owes\u001b[39m\u001b[22m\n\n    Found multiple elements with text: For Taxi\n\u001b[2m\u001b[22m\n\u001b[2m    \u001b[0m \u001b[90m 24 |\u001b[39m\u001b[22m\n\u001b[2m     \u001b[90m 25 |\u001b[39m     \u001b[90m// Then the breakdown adds the amount the current user owes that payer\u001b[39m\u001b[22m\n\u001b[2m    \u001b[31m\u001b[1m>\u001b[22m\u001b[2m\u001b[39m\u001b[90m 26 |\u001b[39m     expect(getByText(\u001b[32m\"For Taxi\"\u001b[39m))\u001b[33m.\u001b[39mtoBeTruthy()\u001b[33m;\u001b[39m\u001b[22m\n\u001b[2m     \u001b[90m    |\u001b[39m            \u001b[31m\u001b[1m^\u001b[22m\u001b[2m\u001b[39m\u001b[22m\n\u001b[2m     \u001b[90m 27 |\u001b[39m     expect(getByText(\u001b[32m\"Covered by Person 2\"\u001b[39m))\u001b[33m.\u001b[39mtoBeTruthy()\u001b[33m;\u001b[39m\u001b[22m\n\u001b[2m     \u001b[90m 28 |\u001b[39m     expect(getByText(\u001b[32m\"- EUR 9.00\"\u001b[39m))\u001b[33m.\u001b[39mtoBeTruthy()\u001b[33m;\u001b[39m\u001b[22m\n\u001b[2m     \u001b[90m 29 |\u001b[39m   })\u001b[33m;\u001b[39m\u001b[0m\u001b[22m\n\u001b[2m\u001b[22m\n\u001b[2m      \u001b[2mat Object.getByText (\u001b[22m\u001b[2m\u001b[0m\u001b[36m__tests__/debt-breakdown.acceptance.test.tsx\u001b[39m\u001b[0m\u001b[2m:26:12)\u001b[22m\u001b[2m\u001b[22m\n","name":"C:\\Users\\carli\\Documents\\ES\\T5\\__tests__\\debt-breakdown.acceptance.test.tsx","startTime":1778631578326,"status":"failed","summary":""},{"assertionResults":[{"ancestorTitles":["Feature: Choose expense participants"],"duration":226,"failureDetails":[{}],"failureMessages":["Error: Unable to find an element with testID: participant-weight-Person 3\n\n\u001b[36m<RCTSafeAreaView>\u001b[39m\n  \u001b[36m<RCTScrollView>\u001b[39m\n    \u001b[36m<View>\u001b[39m\n      \u001b[36m<View>\u001b[39m\n        \u001b[36m<Text>\u001b[39m\n          \u001b[0mSmartSplit\u001b[0m\n        \u001b[36m</Text>\u001b[39m\n        \u001b[36m<Text>\u001b[39m\n          \u001b[0mShared expenses, in one place\u001b[0m\n        \u001b[36m</Text>\u001b[39m\n        \u001b[36m<Text>\u001b[39m\n          \u001b[0mCreate or join a household group, record shared expenses, and see balances.\u001b[0m\n        \u001b[36m</Text>\u001b[39m\n        \u001b[36m<View\u001b[39m\n          \u001b[33maccessibilityLabel\u001b[39m=\u001b[32m\"Sign out\"\u001b[39m\n          \u001b[33maccessible\u001b[39m=\u001b[32m{true}\u001b[39m\n        \u001b[36m>\u001b[39m\n          \u001b[36m<Text>\u001b[39m\n            \u001b[0mSign out\u001b[0m\n          \u001b[36m</Text>\u001b[39m\n        \u001b[36m</View>\u001b[39m\n        \u001b[36m<View>\u001b[39m\n          \u001b[36m<View>\u001b[39m\n            \u001b[36m<Text>\u001b[39m\n              \u001b[0mGroup total\u001b[0m\n            \u001b[36m</Text>\u001b[39m\n            \u001b[36m<Text>\u001b[39m\n              \u001b[0mEUR \u001b[0m\n              \u001b[0m24.50\u001b[0m\n            \u001b[36m</Text>\u001b[39m\n          \u001b[36m</View>\u001b[39m\n          \u001b[36m<View>\u001b[39m\n            \u001b[36m<Text>\u001b[39m\n              \u001b[0mRecorded\u001b[0m\n            \u001b[36m</Text>\u001b[39m\n            \u001b[36m<Text>\u001b[39m\n              \u001b[0m1\u001b[0m\n            \u001b[36m</Text>\u001b[39m\n          \u001b[36m</View>\u001b[39m\n        \u001b[36m</View>\u001b[39m\n      \u001b[36m</View>\u001b[39m\n      \u001b[36m<View>\u001b[39m\n        \u001b[36m<View>\u001b[39m\n          \u001b[36m<View>\u001b[39m\n            \u001b[36m<Text>\u001b[39m\n              \u001b[0mHousehold\u001b[0m\n            \u001b[36m</Text>\u001b[39m\n            \u001b[36m<Text>\u001b[39m\n              \u001b[0mInvite code: HOME123\u001b[0m\n            \u001b[36m</Text>\u001b[39m\n          \u001b[36m</View>\u001b[39m\n        \u001b[36m</View>\u001b[39m\n        \u001b[36m<View>\u001b[39m\n          \u001b[36m<View\u001b[39m\n            \u001b[33maccessibilityLabel\u001b[39m=\u001b[32m\"Create group\"\u001b[39m\n            \u001b[33maccessible\u001b[39m=\u001b[32m{true}\u001b[39m\n            \u001b[33mtestID\u001b[39m=\u001b[32m\"open-create-group-button\"\u001b[39m\n          \u001b[36m>\u001b[39m\n            \u001b[36m<Text>\u001b[39m\n              \u001b[0mCreate group\u001b[0m\n            \u001b[36m</Text>\u001b[39m\n          \u001b[36m</View>\u001b[39m\n          \u001b[36m<View\u001b[39m\n            \u001b[33maccessibilityLabel\u001b[39m=\u001b[32m\"Join group\"\u001b[39m\n            \u001b[33maccessible\u001b[39m=\u001b[32m{true}\u001b[39m\n            \u001b[33mtestID\u001b[39m=\u001b[32m\"open-join-group-button\"\u001b[39m\n          \u001b[36m>\u001b[39m\n            \u001b[36m<Text>\u001b[39m\n              \u001b[0mJoin group\u001b[0m\n            \u001b[36m</Text>\u001b[39m\n          \u001b[36m</View>\u001b[39m\n          \u001b[36m<View\u001b[39m\n            \u001b[33maccessibilityLabel\u001b[39m=\u001b[32m\"Leave group\"\u001b[39m\n            \u001b[33maccessible\u001b[39m=\u001b[32m{true}\u001b[39m\n            \u001b[33mtestID\u001b[39m=\u001b[32m\"leave-group-button\"\u001b[39m\n          \u001b[36m>\u001b[39m\n            \u001b[36m<Text>\u001b[39m\n              \u001b[0mLeave group\u001b[0m\n            \u001b[36m</Text>\u001b[39m\n          \u001b[36m</View>\u001b[39m\n        \u001b[36m</View>\u001b[39m\n      \u001b[36m</View>\u001b[39m\n      \u001b[36m<View>\u001b[39m\n        \u001b[36m<View>\u001b[39m\n          \u001b[36m<View>\u001b[39m\n            \u001b[36m<Text>\u001b[39m\n              \u001b[0mBalance breakdown\u001b[0m\n            \u001b[36m</Text>\u001b[39m\n            \u001b[36m<Text>\u001b[39m\n              \u001b[0m+ EUR 12.25.\u001b[0m\n            \u001b[36m</Text>\u001b[39m\n          \u001b[36m</View>\u001b[39m\n        \u001b[36m</View>\u001b[39m\n        \u001b[36m<View\u001b[39m\n          \u001b[33mtestID\u001b[39m=\u001b[32m\"balance-breakdown\"\u001b[39m\n        \u001b[36m>\u001b[39m\n          \u001b[36m<View\u001b[39m\n            \u001b[33mtestID\u001b[39m=\u001b[32m\"debt-breakdown-list\"\u001b[39m\n          \u001b[36m>\u001b[39m\n            \u001b[36m<Text>\u001b[39m\n              \u001b[0mYour debt breakdown\u001b[0m\n            \u001b[36m</Text>\u001b[39m\n            \u001b[36m<View>\u001b[39m\n              \u001b[36m<View>\u001b[39m\n                \u001b[36m<Text>\u001b[39m\n                  \u001b[0mFor \u001b[0m\n                  \u001b[0mGroceries\u001b[0m\n                \u001b[36m</Text>\u001b[39m\n                \u001b[36m<Text>\u001b[39m\n                  \u001b[0mPaid by you\u001b[0m\n                \u001b[36m</Text>\u001b[39m\n              \u001b[36m</View>\u001b[39m\n              \u001b[36m<Text>\u001b[39m\n                \u001b[0m+ EUR 12.25\u001b[0m\n              \u001b[36m</Text>\u001b[39m\n            \u001b[36m</View>\u001b[39m\n          \u001b[36m</View>\u001b[39m\n          \u001b[36m<View>\u001b[39m\n            \u001b[36m<Text>\u001b[39m\n              \u001b[0mYou\u001b[0m\n            \u001b[36m</Text>\u001b[39m\n            \u001b[36m<Text>\u001b[39m\n              \u001b[0m+ EUR 12.25\u001b[0m\n            \u001b[36m</Text>\u001b[39m\n          \u001b[36m</View>\u001b[39m\n          \u001b[36m<View>\u001b[39m\n            \u001b[36m<Text>\u001b[39m\n              \u001b[0mPerson 2\u001b[0m\n            \u001b[36m</Text>\u001b[39m\n            \u001b[36m<Text>\u001b[39m\n              \u001b[0m- EUR 12.25\u001b[0m\n            \u001b[36m</Text>\u001b[39m\n          \u001b[36m</View>\u001b[39m\n        \u001b[36m</View>\u001b[39m\n        \u001b[36m<View>\u001b[39m\n          \u001b[36m<Text>\u001b[39m\n            \u001b[0mSuggested payments\u001b[0m\n          \u001b[36m</Text>\u001b[39m\n          \u001b[36m<Text>\u001b[39m\n            \u001b[0mPerson 2\u001b[0m\n            \u001b[0m pays \u001b[0m\n            \u001b[0mPerson 1\u001b[0m\n            \u001b[0m EUR \u001b[0m\n            \u001b[0m12.25\u001b[0m\n          \u001b[36m</Text>\u001b[39m\n        \u001b[36m</View>\u001b[39m\n      \u001b[36m</View>\u001b[39m\n      \u001b[36m<View>\u001b[39m\n        \u001b[36m<View>\u001b[39m\n          \u001b[36m<View>\u001b[39m\n            \u001b[36m<Text>\u001b[39m\n              \u001b[0mGroup expenses\u001b[0m\n            \u001b[36m</Text>\u001b[39m\n            \u001b[36m<Text>\u001b[39m\n              \u001b[0mLatest entries from the house.\u001b[0m\n            \u001b[36m</Text>\u001b[39m\n          \u001b[36m</View>\u001b[39m\n          \u001b[36m<View\u001b[39m\n            \u001b[33maccessibilityLabel\u001b[39m=\u001b[32m\"Add expense\"\u001b[39m\n            \u001b[33maccessible\u001b[39m=\u001b[32m{true}\u001b[39m\n            \u001b[33mtestID\u001b[39m=\u001b[32m\"open-add-expense-button\"\u001b[39m\n          \u001b[36m>\u001b[39m\n            \u001b[36m<Text>\u001b[39m\n              \u001b[0mClose form\u001b[0m\n            \u001b[36m</Text>\u001b[39m\n          \u001b[36m</View>\u001b[39m\n        \u001b[36m</View>\u001b[39m\n        \u001b[36m<View>\u001b[39m\n          \u001b[36m<Text>\u001b[39m\n            \u001b[0mAdd New Expense\u001b[0m\n          \u001b[36m</Text>\u001b[39m\n          \u001b[36m<Text>\u001b[39m\n            \u001b[0mExpense Name\u001b[0m\n          \u001b[36m</Text>\u001b[39m\n          \u001b[36m<TextInput\u001b[39m\n            \u001b[33maccessibilityLabel\u001b[39m=\u001b[32m\"Expense name\"\u001b[39m\n            \u001b[33mplaceholder\u001b[39m=\u001b[32m\"e.g., Coffee\"\u001b[39m\n            \u001b[33mtestID\u001b[39m=\u001b[32m\"expense-name-input\"\u001b[39m\n            \u001b[33mvalue\u001b[39m=\u001b[32m\"Museum tickets\"\u001b[39m\n          \u001b[36m/>\u001b[39m\n          \u001b[36m<Text>\u001b[39m\n            \u001b[0mAmount (EUR)\u001b[0m\n          \u001b[36m</Text>\u001b[39m\n          \u001b[36m<TextInput\u001b[39m\n            \u001b[33maccessibilityLabel\u001b[39m=\u001b[32m\"Total amount\"\u001b[39m\n            \u001b[33mplaceholder\u001b[39m=\u001b[32m\"0.00\"\u001b[39m\n            \u001b[33mtestID\u001b[39m=\u001b[32m\"expense-amount-input\"\u001b[39m\n            \u001b[33mvalue\u001b[39m=\u001b[32m\"80\"\u001b[39m\n          \u001b[36m/>\u001b[39m\n          \u001b[36m<Text>\u001b[39m\n            \u001b[0mDate\u001b[0m\n          \u001b[36m</Text>\u001b[39m\n          \u001b[36m<TextInput\u001b[39m\n            \u001b[33maccessibilityLabel\u001b[39m=\u001b[32m\"Expense date\"\u001b[39m\n            \u001b[33mplaceholder\u001b[39m=\u001b[32m\"08/03/2026\"\u001b[39m\n            \u001b[33mtestID\u001b[39m=\u001b[32m\"expense-date-input\"\u001b[39m\n            \u001b[33mvalue\u001b[39m=\u001b[32m\"13/05/2026\"\u001b[39m\n          \u001b[36m/>\u001b[39m\n          \u001b[36m<Text>\u001b[39m\n            \u001b[0mPaid By\u001b[0m\n          \u001b[36m</Text>\u001b[39m\n          \u001b[36m<View>\u001b[39m\n            \u001b[36m<View\u001b[39m\n              \u001b[33maccessible\u001b[39m=\u001b[32m{true}\u001b[39m\n              \u001b[33mtestID\u001b[39m=\u001b[32m\"payer-option-Person 1\"\u001b[39m\n            \u001b[36m>\u001b[39m\n              \u001b[36m<Text>\u001b[39m\n                \u001b[0mPerson 1\u001b[0m\n              \u001b[36m</Text>\u001b[39m\n            \u001b[36m</View>\u001b[39m\n            \u001b[36m<View\u001b[39m\n              \u001b[33maccessible\u001b[39m=\u001b[32m{true}\u001b[39m\n              \u001b[33mtestID\u001b[39m=\u001b[32m\"payer-option-Person 2\"\u001b[39m\n            \u001b[36m>\u001b[39m\n              \u001b[36m<Text>\u001b[39m\n                \u001b[0mPerson 2\u001b[0m\n              \u001b[36m</Text>\u001b[39m\n            \u001b[36m</View>\u001b[39m\n            \u001b[36m<View\u001b[39m\n              \u001b[33maccessible\u001b[39m=\u001b[32m{true}\u001b[39m\n              \u001b[33mtestID\u001b[39m=\u001b[32m\"payer-option-Person 3\"\u001b[39m\n            \u001b[36m>\u001b[39m\n              \u001b[36m<Text>\u001b[39m\n                \u001b[0mPerson 3\u001b[0m\n              \u001b[36m</Text>\u001b[39m\n            \u001b[36m</View>\u001b[39m\n          \u001b[36m</View>\u001b[39m\n          \u001b[36m<Text>\u001b[39m\n            \u001b[0mParticipants\u001b[0m\n          \u001b[36m</Text>\u001b[39m\n          \u001b[36m<View>\u001b[39m\n            \u001b[36m<View>\u001b[39m\n              \u001b[36m<View\u001b[39m\n                \u001b[33maccessible\u001b[39m=\u001b[32m{true}\u001b[39m\n                \u001b[33mtestID\u001b[39m=\u001b[32m\"participant-toggle-Person 1\"\u001b[39m\n              \u001b[36m>\u001b[39m\n                \u001b[36m<View>\u001b[39m\n                  \u001b[36m<Text>\u001b[39m\n                    \u001b[0mX\u001b[0m\n                  \u001b[36m</Text>\u001b[39m\n                \u001b[36m</View>\u001b[39m\n                \u001b[36m<Text>\u001b[39m\n                  \u001b[0mPerson 1\u001b[0m\n                \u001b[36m</Text>\u001b[39m\n              \u001b[36m</View>\u001b[39m\n              \u001b[36m<View>\u001b[39m\n                \u001b[36m<TextInput\u001b[39m\n                  \u001b[33maccessibilityLabel\u001b[39m=\u001b[32m\"Person 1 percentage\"\u001b[39m\n                  \u001b[33mtestID\u001b[39m=\u001b[32m\"participant-weight-Person 1\"\u001b[39m\n                  \u001b[33mvalue\u001b[39m=\u001b[32m\"75\"\u001b[39m\n                \u001b[36m/>\u001b[39m\n                \u001b[36m<Text>\u001b[39m\n                  \u001b[0m%\u001b[0m\n                \u001b[36m</Text>\u001b[39m\n              \u001b[36m</View>\u001b[39m\n            \u001b[36m</View>\u001b[39m\n            \u001b[36m<View>\u001b[39m\n              \u001b[36m<View\u001b[39m\n                \u001b[33maccessible\u001b[39m=\u001b[32m{true}\u001b[39m\n                \u001b[33mtestID\u001b[39m=\u001b[32m\"participant-toggle-Person 2\"\u001b[39m\n              \u001b[36m>\u001b[39m\n                \u001b[36m<View />\u001b[39m\n                \u001b[36m<Text>\u001b[39m\n                  \u001b[0mPerson 2\u001b[0m\n                \u001b[36m</Text>\u001b[39m\n              \u001b[36m</View>\u001b[39m\n              \u001b[36m<Text>\u001b[39m\n                \u001b[0mNot selected\u001b[0m\n              \u001b[36m</Text>\u001b[39m\n            \u001b[36m</View>\u001b[39m\n            \u001b[36m<View>\u001b[39m\n              \u001b[36m<View\u001b[39m\n                \u001b[33maccessible\u001b[39m=\u001b[32m{true}\u001b[39m\n                \u001b[33mtestID\u001b[39m=\u001b[32m\"participant-toggle-Person 3\"\u001b[39m\n              \u001b[36m>\u001b[39m\n                \u001b[36m<View />\u001b[39m\n                \u001b[36m<Text>\u001b[39m\n                  \u001b[0mPerson 3\u001b[0m\n                \u001b[36m</Text>\u001b[39m\n              \u001b[36m</View>\u001b[39m\n              \u001b[36m<Text>\u001b[39m\n                \u001b[0mNot selected\u001b[0m\n              \u001b[36m</Text>\u001b[39m\n            \u001b[36m</View>\u001b[39m\n            \u001b[36m<View>\u001b[39m\n              \u001b[36m<Text>\u001b[39m\n                \u001b[0mSelected total\u001b[0m\n              \u001b[36m</Text>\u001b[39m\n              \u001b[36m<Text\u001b[39m\n                \u001b[33mtestID\u001b[39m=\u001b[32m\"participants-total\"\u001b[39m\n              \u001b[36m>\u001b[39m\n                \u001b[0m75\u001b[0m\n                \u001b[0m%\u001b[0m\n              \u001b[36m</Text>\u001b[39m\n            \u001b[36m</View>\u001b[39m\n          \u001b[36m</View>\u001b[39m\n          \u001b[36m<View>\u001b[39m\n            \u001b[36m<View\u001b[39m\n              \u001b[33maccessible\u001b[39m=\u001b[32m{true}\u001b[39m\n            \u001b[36m>\u001b[39m\n              \u001b[36m<Text>\u001b[39m\n                \u001b[0mCancel\u001b[0m\n              \u001b[36m</Text>\u001b[39m\n            \u001b[36m</View>\u001b[39m\n            \u001b[36m<View\u001b[39m\n              \u001b[33maccessibilityLabel\u001b[39m=\u001b[32m\"Save expense\"\u001b[39m\n              \u001b[33maccessible\u001b[39m=\u001b[32m{true}\u001b[39m\n              \u001b[33mtestID\u001b[39m=\u001b[32m\"save-expense-button\"\u001b[39m\n            \u001b[36m>\u001b[39m\n              \u001b[36m<Text>\u001b[39m\n                \u001b[0mAdd\u001b[0m\n              \u001b[36m</Text>\u001b[39m\n            \u001b[36m</View>\u001b[39m\n          \u001b[36m</View>\u001b[39m\n        \u001b[36m</View>\u001b[39m\n        \u001b[36m<View\u001b[39m\n          \u001b[33mtestID\u001b[39m=\u001b[32m\"expense-list\"\u001b[39m\n        \u001b[36m>\u001b[39m\n          \u001b[36m<View>\u001b[39m\n            \u001b[36m<View>\u001b[39m\n              \u001b[36m<Text>\u001b[39m\n                \u001b[0mGroceries\u001b[0m\n              \u001b[36m</Text>\u001b[39m\n              \u001b[36m<Text>\u001b[39m\n                \u001b[0mDate: \u001b[0m\n                \u001b[0m12/05/2026\u001b[0m\n              \u001b[36m</Text>\u001b[39m\n              \u001b[36m<Text>\u001b[39m\n                \u001b[0mPaid by \u001b[0m\n                \u001b[0mPerson 1\u001b[0m\n              \u001b[36m</Text>\u001b[39m\n              \u001b[36m<Text>\u001b[39m\n                \u001b[0mSplit: \u001b[0m\n                \u001b[0mPerson 1 50%, Person 2 50%\u001b[0m\n              \u001b[36m</Text>\u001b[39m\n            \u001b[36m</View>\u001b[39m\n            \u001b[36m<View>\u001b[39m\n              \u001b[36m<Text>\u001b[39m\n                \u001b[0mEUR \u001b[0m\n                \u001b[0m24.50\u001b[0m\n              \u001b[36m</Text>\u001b[39m\n              \u001b[36m<View\u001b[39m\n                \u001b[33maccessibilityLabel\u001b[39m=\u001b[32m\"Edit Groceries\"\u001b[39m\n                \u001b[33maccessible\u001b[39m=\u001b[32m{true}\u001b[39m\n                \u001b[33mtestID\u001b[39m=\u001b[32m\"edit-expense-expense-1\"\u001b[39m\n              \u001b[36m>\u001b[39m\n                \u001b[36m<Text>\u001b[39m\n                  \u001b[0mEdit\u001b[0m\n                \u001b[36m</Text>\u001b[39m\n              \u001b[36m</View>\u001b[39m\n            \u001b[36m</View>\u001b[39m\n          \u001b[36m</View>\u001b[39m\n        \u001b[36m</View>\u001b[39m\n      \u001b[36m</View>\u001b[39m\n      \u001b[36m<View>\u001b[39m\n        \u001b[36m<View>\u001b[39m\n          \u001b[36m<View>\u001b[39m\n            \u001b[36m<Text>\u001b[39m\n              \u001b[0mGroup members\u001b[0m\n            \u001b[36m</Text>\u001b[39m\n            \u001b[36m<Text>\u001b[39m\n              \u001b[0mManage group members.\u001b[0m\n            \u001b[36m</Text>\u001b[39m\n          \u001b[36m</View>\u001b[39m\n          \u001b[36m<View\u001b[39m\n            \u001b[33maccessibilityLabel\u001b[39m=\u001b[32m\"Manage members\"\u001b[39m\n            \u001b[33maccessible\u001b[39m=\u001b[32m{true}\u001b[39m\n            \u001b[33mtestID\u001b[39m=\u001b[32m\"toggle-members-button\"\u001b[39m\n          \u001b[36m>\u001b[39m\n            \u001b[36m<Text>\u001b[39m\n              \u001b[0mShow members\u001b[0m\n            \u001b[36m</Text>\u001b[39m\n          \u001b[36m</View>\u001b[39m\n        \u001b[36m</View>\u001b[39m\n      \u001b[36m</View>\u001b[39m\n    \u001b[36m</View>\u001b[39m\n  \u001b[36m</RCTScrollView>\u001b[39m\n\u001b[36m</RCTSafeAreaView>\u001b[39m\n    at Object.getByTestId (C:\\Users\\carli\\Documents\\ES\\T5\\__tests__\\expense-participants.acceptance.test.tsx:19:26)\n    at Promise.then.completed (C:\\Users\\carli\\Documents\\ES\\T5\\node_modules\\jest-circus\\build\\utils.js:298:28)\n    at new Promise (<anonymous>)\n    at callAsyncCircusFn (C:\\Users\\carli\\Documents\\ES\\T5\\node_modules\\jest-circus\\build\\utils.js:231:10)\n    at _callCircusTest (C:\\Users\\carli\\Documents\\ES\\T5\\node_modules\\jest-circus\\build\\run.js:316:40)\n    at _runTest (C:\\Users\\carli\\Documents\\ES\\T5\\node_modules\\jest-circus\\build\\run.js:252:3)\n    at _runTestsForDescribeBlock (C:\\Users\\carli\\Documents\\ES\\T5\\node_modules\\jest-circus\\build\\run.js:126:9)\n    at _runTestsForDescribeBlock (C:\\Users\\carli\\Documents\\ES\\T5\\node_modules\\jest-circus\\build\\run.js:121:9)\n    at run (C:\\Users\\carli\\Documents\\ES\\T5\\node_modules\\jest-circus\\build\\run.js:71:3)\n    at runAndTransformResultsToJestFormat (C:\\Users\\carli\\Documents\\ES\\T5\\node_modules\\jest-circus\\build\\legacy-code-todo-rewrite\\jestAdapterInit.js:122:21)\n    at jestAdapter (C:\\Users\\carli\\Documents\\ES\\T5\\node_modules\\jest-circus\\build\\legacy-code-todo-rewrite\\jestAdapter.js:79:19)\n    at runTestInternal (C:\\Users\\carli\\Documents\\ES\\T5\\node_modules\\jest-runner\\build\\runTest.js:367:16)\n    at runTest (C:\\Users\\carli\\Documents\\ES\\T5\\node_modules\\jest-runner\\build\\runTest.js:444:34)"],"fullName":"Feature: Choose expense participants Scenario: Given the user is adding an expense, When they choose participants and split percentages, Then the saved expense shows only the selected participants and their final percentage split","invocations":1,"location":null,"numPassingAsserts":0,"retryReasons":[],"status":"failed","title":"Scenario: Given the user is adding an expense, When they choose participants and split percentages, Then the saved expense shows only the selected participants and their final percentage split"},{"ancestorTitles":["Feature: Choose expense participants"],"duration":163,"failureDetails":[{"matcherResult":{"message":"\u001b[2mexpect(\u001b[22m\u001b[31mreceived\u001b[39m\u001b[2m).\u001b[22mtoContain\u001b[2m(\u001b[22m\u001b[32mexpected\u001b[39m\u001b[2m) // indexOf\u001b[22m\n\nExpected substring: \u001b[32m\"90\"\u001b[39m\nReceived string:    \u001b[31m\"123,%\"\u001b[39m","pass":false}}],"failureMessages":["Error: \u001b[2mexpect(\u001b[22m\u001b[31mreceived\u001b[39m\u001b[2m).\u001b[22mtoContain\u001b[2m(\u001b[22m\u001b[32mexpected\u001b[39m\u001b[2m) // indexOf\u001b[22m\n\nExpected substring: \u001b[32m\"90\"\u001b[39m\nReceived string:    \u001b[31m\"123,%\"\u001b[39m\n    at Object.toContain (C:\\Users\\carli\\Documents\\ES\\T5\\__tests__\\expense-participants.acceptance.test.tsx:43:70)\n    at Promise.then.completed (C:\\Users\\carli\\Documents\\ES\\T5\\node_modules\\jest-circus\\build\\utils.js:298:28)\n    at new Promise (<anonymous>)\n    at callAsyncCircusFn (C:\\Users\\carli\\Documents\\ES\\T5\\node_modules\\jest-circus\\build\\utils.js:231:10)\n    at _callCircusTest (C:\\Users\\carli\\Documents\\ES\\T5\\node_modules\\jest-circus\\build\\run.js:316:40)\n    at _runTest (C:\\Users\\carli\\Documents\\ES\\T5\\node_modules\\jest-circus\\build\\run.js:252:3)\n    at _runTestsForDescribeBlock (C:\\Users\\carli\\Documents\\ES\\T5\\node_modules\\jest-circus\\build\\run.js:126:9)\n    at _runTestsForDescribeBlock (C:\\Users\\carli\\Documents\\ES\\T5\\node_modules\\jest-circus\\build\\run.js:121:9)\n    at run (C:\\Users\\carli\\Documents\\ES\\T5\\node_modules\\jest-circus\\build\\run.js:71:3)\n    at runAndTransformResultsToJestFormat (C:\\Users\\carli\\Documents\\ES\\T5\\node_modules\\jest-circus\\build\\legacy-code-todo-rewrite\\jestAdapterInit.js:122:21)\n    at jestAdapter (C:\\Users\\carli\\Documents\\ES\\T5\\node_modules\\jest-circus\\build\\legacy-code-todo-rewrite\\jestAdapter.js:79:19)\n    at runTestInternal (C:\\Users\\carli\\Documents\\ES\\T5\\node_modules\\jest-runner\\build\\runTest.js:367:16)\n    at runTest (C:\\Users\\carli\\Documents\\ES\\T5\\node_modules\\jest-runner\\build\\runTest.js:444:34)"],"fullName":"Feature: Choose expense participants Scenario: Given the user is adding an expense, When selected participant percentages do not total 100, Then the form reports the invalid total and keeps the user in the participant split flow","invocations":1,"location":null,"numPassingAsserts":1,"retryReasons":[],"status":"failed","title":"Scenario: Given the user is adding an expense, When selected participant percentages do not total 100, Then the form reports the invalid total and keeps the user in the participant split flow"}],"endTime":1778631585308,"message":"\u001b[1m\u001b[31m  \u001b[1m● \u001b[22m\u001b[1mFeature: Choose expense participants › Scenario: Given the user is adding an expense, When they choose participants and split percentages, Then the saved expense shows only the selected participants and their final percentage split\u001b[39m\u001b[22m\n\n    Unable to find an element with testID: participant-weight-Person 3\n\n    \u001b[36m<RCTSafeAreaView>\u001b[39m\n      \u001b[36m<RCTScrollView>\u001b[39m\n        \u001b[36m<View>\u001b[39m\n          \u001b[36m<View>\u001b[39m\n            \u001b[36m<Text>\u001b[39m\n              \u001b[0mSmartSplit\u001b[0m\n            \u001b[36m</Text>\u001b[39m\n            \u001b[36m<Text>\u001b[39m\n              \u001b[0mShared expenses, in one place\u001b[0m\n            \u001b[36m</Text>\u001b[39m\n            \u001b[36m<Text>\u001b[39m\n              \u001b[0mCreate or join a household group, record shared expenses, and see balances.\u001b[0m\n            \u001b[36m</Text>\u001b[39m\n            \u001b[36m<View\u001b[39m\n              \u001b[33maccessibilityLabel\u001b[39m=\u001b[32m\"Sign out\"\u001b[39m\n              \u001b[33maccessible\u001b[39m=\u001b[32m{true}\u001b[39m\n            \u001b[36m>\u001b[39m\n              \u001b[36m<Text>\u001b[39m\n                \u001b[0mSign out\u001b[0m\n              \u001b[36m</Text>\u001b[39m\n            \u001b[36m</View>\u001b[39m\n            \u001b[36m<View>\u001b[39m\n              \u001b[36m<View>\u001b[39m\n                \u001b[36m<Text>\u001b[39m\n                  \u001b[0mGroup total\u001b[0m\n                \u001b[36m</Text>\u001b[39m\n                \u001b[36m<Text>\u001b[39m\n                  \u001b[0mEUR \u001b[0m\n                  \u001b[0m24.50\u001b[0m\n                \u001b[36m</Text>\u001b[39m\n              \u001b[36m</View>\u001b[39m\n              \u001b[36m<View>\u001b[39m\n                \u001b[36m<Text>\u001b[39m\n                  \u001b[0mRecorded\u001b[0m\n                \u001b[36m</Text>\u001b[39m\n                \u001b[36m<Text>\u001b[39m\n                  \u001b[0m1\u001b[0m\n                \u001b[36m</Text>\u001b[39m\n              \u001b[36m</View>\u001b[39m\n            \u001b[36m</View>\u001b[39m\n          \u001b[36m</View>\u001b[39m\n          \u001b[36m<View>\u001b[39m\n            \u001b[36m<View>\u001b[39m\n              \u001b[36m<View>\u001b[39m\n                \u001b[36m<Text>\u001b[39m\n                  \u001b[0mHousehold\u001b[0m\n                \u001b[36m</Text>\u001b[39m\n                \u001b[36m<Text>\u001b[39m\n                  \u001b[0mInvite code: HOME123\u001b[0m\n                \u001b[36m</Text>\u001b[39m\n              \u001b[36m</View>\u001b[39m\n            \u001b[36m</View>\u001b[39m\n            \u001b[36m<View>\u001b[39m\n              \u001b[36m<View\u001b[39m\n                \u001b[33maccessibilityLabel\u001b[39m=\u001b[32m\"Create group\"\u001b[39m\n                \u001b[33maccessible\u001b[39m=\u001b[32m{true}\u001b[39m\n                \u001b[33mtestID\u001b[39m=\u001b[32m\"open-create-group-button\"\u001b[39m\n              \u001b[36m>\u001b[39m\n                \u001b[36m<Text>\u001b[39m\n                  \u001b[0mCreate group\u001b[0m\n                \u001b[36m</Text>\u001b[39m\n              \u001b[36m</View>\u001b[39m\n              \u001b[36m<View\u001b[39m\n                \u001b[33maccessibilityLabel\u001b[39m=\u001b[32m\"Join group\"\u001b[39m\n                \u001b[33maccessible\u001b[39m=\u001b[32m{true}\u001b[39m\n                \u001b[33mtestID\u001b[39m=\u001b[32m\"open-join-group-button\"\u001b[39m\n              \u001b[36m>\u001b[39m\n                \u001b[36m<Text>\u001b[39m\n                  \u001b[0mJoin group\u001b[0m\n                \u001b[36m</Text>\u001b[39m\n              \u001b[36m</View>\u001b[39m\n              \u001b[36m<View\u001b[39m\n                \u001b[33maccessibilityLabel\u001b[39m=\u001b[32m\"Leave group\"\u001b[39m\n                \u001b[33maccessible\u001b[39m=\u001b[32m{true}\u001b[39m\n                \u001b[33mtestID\u001b[39m=\u001b[32m\"leave-group-button\"\u001b[39m\n              \u001b[36m>\u001b[39m\n                \u001b[36m<Text>\u001b[39m\n                  \u001b[0mLeave group\u001b[0m\n                \u001b[36m</Text>\u001b[39m\n              \u001b[36m</View>\u001b[39m\n            \u001b[36m</View>\u001b[39m\n          \u001b[36m</View>\u001b[39m\n          \u001b[36m<View>\u001b[39m\n            \u001b[36m<View>\u001b[39m\n              \u001b[36m<View>\u001b[39m\n                \u001b[36m<Text>\u001b[39m\n                  \u001b[0mBalance breakdown\u001b[0m\n                \u001b[36m</Text>\u001b[39m\n                \u001b[36m<Text>\u001b[39m\n                  \u001b[0m+ EUR 12.25.\u001b[0m\n                \u001b[36m</Text>\u001b[39m\n              \u001b[36m</View>\u001b[39m\n            \u001b[36m</View>\u001b[39m\n            \u001b[36m<View\u001b[39m\n              \u001b[33mtestID\u001b[39m=\u001b[32m\"balance-breakdown\"\u001b[39m\n            \u001b[36m>\u001b[39m\n              \u001b[36m<View\u001b[39m\n                \u001b[33mtestID\u001b[39m=\u001b[32m\"debt-breakdown-list\"\u001b[39m\n              \u001b[36m>\u001b[39m\n                \u001b[36m<Text>\u001b[39m\n                  \u001b[0mYour debt breakdown\u001b[0m\n                \u001b[36m</Text>\u001b[39m\n                \u001b[36m<View>\u001b[39m\n                  \u001b[36m<View>\u001b[39m\n                    \u001b[36m<Text>\u001b[39m\n                      \u001b[0mFor \u001b[0m\n                      \u001b[0mGroceries\u001b[0m\n                    \u001b[36m</Text>\u001b[39m\n                    \u001b[36m<Text>\u001b[39m\n                      \u001b[0mPaid by you\u001b[0m\n                    \u001b[36m</Text>\u001b[39m\n                  \u001b[36m</View>\u001b[39m\n                  \u001b[36m<Text>\u001b[39m\n                    \u001b[0m+ EUR 12.25\u001b[0m\n                  \u001b[36m</Text>\u001b[39m\n                \u001b[36m</View>\u001b[39m\n              \u001b[36m</View>\u001b[39m\n              \u001b[36m<View>\u001b[39m\n                \u001b[36m<Text>\u001b[39m\n                  \u001b[0mYou\u001b[0m\n                \u001b[36m</Text>\u001b[39m\n                \u001b[36m<Text>\u001b[39m\n                  \u001b[0m+ EUR 12.25\u001b[0m\n                \u001b[36m</Text>\u001b[39m\n              \u001b[36m</View>\u001b[39m\n              \u001b[36m<View>\u001b[39m\n                \u001b[36m<Text>\u001b[39m\n                  \u001b[0mPerson 2\u001b[0m\n                \u001b[36m</Text>\u001b[39m\n                \u001b[36m<Text>\u001b[39m\n                  \u001b[0m- EUR 12.25\u001b[0m\n                \u001b[36m</Text>\u001b[39m\n              \u001b[36m</View>\u001b[39m\n            \u001b[36m</View>\u001b[39m\n            \u001b[36m<View>\u001b[39m\n              \u001b[36m<Text>\u001b[39m\n                \u001b[0mSuggested payments\u001b[0m\n              \u001b[36m</Text>\u001b[39m\n              \u001b[36m<Text>\u001b[39m\n                \u001b[0mPerson 2\u001b[0m\n                \u001b[0m pays \u001b[0m\n                \u001b[0mPerson 1\u001b[0m\n                \u001b[0m EUR \u001b[0m\n                \u001b[0m12.25\u001b[0m\n              \u001b[36m</Text>\u001b[39m\n            \u001b[36m</View>\u001b[39m\n          \u001b[36m</View>\u001b[39m\n          \u001b[36m<View>\u001b[39m\n            \u001b[36m<View>\u001b[39m\n              \u001b[36m<View>\u001b[39m\n                \u001b[36m<Text>\u001b[39m\n                  \u001b[0mGroup expenses\u001b[0m\n                \u001b[36m</Text>\u001b[39m\n                \u001b[36m<Text>\u001b[39m\n                  \u001b[0mLatest entries from the house.\u001b[0m\n                \u001b[36m</Text>\u001b[39m\n              \u001b[36m</View>\u001b[39m\n              \u001b[36m<View\u001b[39m\n                \u001b[33maccessibilityLabel\u001b[39m=\u001b[32m\"Add expense\"\u001b[39m\n                \u001b[33maccessible\u001b[39m=\u001b[32m{true}\u001b[39m\n                \u001b[33mtestID\u001b[39m=\u001b[32m\"open-add-expense-button\"\u001b[39m\n              \u001b[36m>\u001b[39m\n                \u001b[36m<Text>\u001b[39m\n                  \u001b[0mClose form\u001b[0m\n                \u001b[36m</Text>\u001b[39m\n              \u001b[36m</View>\u001b[39m\n            \u001b[36m</View>\u001b[39m\n            \u001b[36m<View>\u001b[39m\n              \u001b[36m<Text>\u001b[39m\n                \u001b[0mAdd New Expense\u001b[0m\n              \u001b[36m</Text>\u001b[39m\n              \u001b[36m<Text>\u001b[39m\n                \u001b[0mExpense Name\u001b[0m\n              \u001b[36m</Text>\u001b[39m\n              \u001b[36m<TextInput\u001b[39m\n                \u001b[33maccessibilityLabel\u001b[39m=\u001b[32m\"Expense name\"\u001b[39m\n                \u001b[33mplaceholder\u001b[39m=\u001b[32m\"e.g., Coffee\"\u001b[39m\n                \u001b[33mtestID\u001b[39m=\u001b[32m\"expense-name-input\"\u001b[39m\n                \u001b[33mvalue\u001b[39m=\u001b[32m\"Museum tickets\"\u001b[39m\n              \u001b[36m/>\u001b[39m\n              \u001b[36m<Text>\u001b[39m\n                \u001b[0mAmount (EUR)\u001b[0m\n              \u001b[36m</Text>\u001b[39m\n              \u001b[36m<TextInput\u001b[39m\n                \u001b[33maccessibilityLabel\u001b[39m=\u001b[32m\"Total amount\"\u001b[39m\n                \u001b[33mplaceholder\u001b[39m=\u001b[32m\"0.00\"\u001b[39m\n                \u001b[33mtestID\u001b[39m=\u001b[32m\"expense-amount-input\"\u001b[39m\n                \u001b[33mvalue\u001b[39m=\u001b[32m\"80\"\u001b[39m\n              \u001b[36m/>\u001b[39m\n              \u001b[36m<Text>\u001b[39m\n                \u001b[0mDate\u001b[0m\n              \u001b[36m</Text>\u001b[39m\n              \u001b[36m<TextInput\u001b[39m\n                \u001b[33maccessibilityLabel\u001b[39m=\u001b[32m\"Expense date\"\u001b[39m\n                \u001b[33mplaceholder\u001b[39m=\u001b[32m\"08/03/2026\"\u001b[39m\n                \u001b[33mtestID\u001b[39m=\u001b[32m\"expense-date-input\"\u001b[39m\n                \u001b[33mvalue\u001b[39m=\u001b[32m\"13/05/2026\"\u001b[39m\n              \u001b[36m/>\u001b[39m\n              \u001b[36m<Text>\u001b[39m\n                \u001b[0mPaid By\u001b[0m\n              \u001b[36m</Text>\u001b[39m\n              \u001b[36m<View>\u001b[39m\n                \u001b[36m<View\u001b[39m\n                  \u001b[33maccessible\u001b[39m=\u001b[32m{true}\u001b[39m\n                  \u001b[33mtestID\u001b[39m=\u001b[32m\"payer-option-Person 1\"\u001b[39m\n                \u001b[36m>\u001b[39m\n                  \u001b[36m<Text>\u001b[39m\n                    \u001b[0mPerson 1\u001b[0m\n                  \u001b[36m</Text>\u001b[39m\n                \u001b[36m</View>\u001b[39m\n                \u001b[36m<View\u001b[39m\n                  \u001b[33maccessible\u001b[39m=\u001b[32m{true}\u001b[39m\n                  \u001b[33mtestID\u001b[39m=\u001b[32m\"payer-option-Person 2\"\u001b[39m\n                \u001b[36m>\u001b[39m\n                  \u001b[36m<Text>\u001b[39m\n                    \u001b[0mPerson 2\u001b[0m\n                  \u001b[36m</Text>\u001b[39m\n                \u001b[36m</View>\u001b[39m\n                \u001b[36m<View\u001b[39m\n                  \u001b[33maccessible\u001b[39m=\u001b[32m{true}\u001b[39m\n                  \u001b[33mtestID\u001b[39m=\u001b[32m\"payer-option-Person 3\"\u001b[39m\n                \u001b[36m>\u001b[39m\n                  \u001b[36m<Text>\u001b[39m\n                    \u001b[0mPerson 3\u001b[0m\n                  \u001b[36m</Text>\u001b[39m\n                \u001b[36m</View>\u001b[39m\n              \u001b[36m</View>\u001b[39m\n              \u001b[36m<Text>\u001b[39m\n                \u001b[0mParticipants\u001b[0m\n              \u001b[36m</Text>\u001b[39m\n              \u001b[36m<View>\u001b[39m\n                \u001b[36m<View>\u001b[39m\n                  \u001b[36m<View\u001b[39m\n                    \u001b[33maccessible\u001b[39m=\u001b[32m{true}\u001b[39m\n                    \u001b[33mtestID\u001b[39m=\u001b[32m\"participant-toggle-Person 1\"\u001b[39m\n                  \u001b[36m>\u001b[39m\n                    \u001b[36m<View>\u001b[39m\n                      \u001b[36m<Text>\u001b[39m\n                        \u001b[0mX\u001b[0m\n                      \u001b[36m</Text>\u001b[39m\n                    \u001b[36m</View>\u001b[39m\n                    \u001b[36m<Text>\u001b[39m\n                      \u001b[0mPerson 1\u001b[0m\n                    \u001b[36m</Text>\u001b[39m\n                  \u001b[36m</View>\u001b[39m\n                  \u001b[36m<View>\u001b[39m\n                    \u001b[36m<TextInput\u001b[39m\n                      \u001b[33maccessibilityLabel\u001b[39m=\u001b[32m\"Person 1 percentage\"\u001b[39m\n                      \u001b[33mtestID\u001b[39m=\u001b[32m\"participant-weight-Person 1\"\u001b[39m\n                      \u001b[33mvalue\u001b[39m=\u001b[32m\"75\"\u001b[39m\n                    \u001b[36m/>\u001b[39m\n                    \u001b[36m<Text>\u001b[39m\n                      \u001b[0m%\u001b[0m\n                    \u001b[36m</Text>\u001b[39m\n                  \u001b[36m</View>\u001b[39m\n                \u001b[36m</View>\u001b[39m\n                \u001b[36m<View>\u001b[39m\n                  \u001b[36m<View\u001b[39m\n                    \u001b[33maccessible\u001b[39m=\u001b[32m{true}\u001b[39m\n                    \u001b[33mtestID\u001b[39m=\u001b[32m\"participant-toggle-Person 2\"\u001b[39m\n                  \u001b[36m>\u001b[39m\n                    \u001b[36m<View />\u001b[39m\n                    \u001b[36m<Text>\u001b[39m\n                      \u001b[0mPerson 2\u001b[0m\n                    \u001b[36m</Text>\u001b[39m\n                  \u001b[36m</View>\u001b[39m\n                  \u001b[36m<Text>\u001b[39m\n                    \u001b[0mNot selected\u001b[0m\n                  \u001b[36m</Text>\u001b[39m\n                \u001b[36m</View>\u001b[39m\n                \u001b[36m<View>\u001b[39m\n                  \u001b[36m<View\u001b[39m\n                    \u001b[33maccessible\u001b[39m=\u001b[32m{true}\u001b[39m\n                    \u001b[33mtestID\u001b[39m=\u001b[32m\"participant-toggle-Person 3\"\u001b[39m\n                  \u001b[36m>\u001b[39m\n                    \u001b[36m<View />\u001b[39m\n                    \u001b[36m<Text>\u001b[39m\n                      \u001b[0mPerson 3\u001b[0m\n                    \u001b[36m</Text>\u001b[39m\n                  \u001b[36m</View>\u001b[39m\n                  \u001b[36m<Text>\u001b[39m\n                    \u001b[0mNot selected\u001b[0m\n                  \u001b[36m</Text>\u001b[39m\n                \u001b[36m</View>\u001b[39m\n                \u001b[36m<View>\u001b[39m\n                  \u001b[36m<Text>\u001b[39m\n                    \u001b[0mSelected total\u001b[0m\n                  \u001b[36m</Text>\u001b[39m\n                  \u001b[36m<Text\u001b[39m\n                    \u001b[33mtestID\u001b[39m=\u001b[32m\"participants-total\"\u001b[39m\n                  \u001b[36m>\u001b[39m\n                    \u001b[0m75\u001b[0m\n                    \u001b[0m%\u001b[0m\n                  \u001b[36m</Text>\u001b[39m\n                \u001b[36m</View>\u001b[39m\n              \u001b[36m</View>\u001b[39m\n              \u001b[36m<View>\u001b[39m\n                \u001b[36m<View\u001b[39m\n                  \u001b[33maccessible\u001b[39m=\u001b[32m{true}\u001b[39m\n                \u001b[36m>\u001b[39m\n                  \u001b[36m<Text>\u001b[39m\n                    \u001b[0mCancel\u001b[0m\n                  \u001b[36m</Text>\u001b[39m\n                \u001b[36m</View>\u001b[39m\n                \u001b[36m<View\u001b[39m\n                  \u001b[33maccessibilityLabel\u001b[39m=\u001b[32m\"Save expense\"\u001b[39m\n                  \u001b[33maccessible\u001b[39m=\u001b[32m{true}\u001b[39m\n                  \u001b[33mtestID\u001b[39m=\u001b[32m\"save-expense-button\"\u001b[39m\n                \u001b[36m>\u001b[39m\n                  \u001b[36m<Text>\u001b[39m\n                    \u001b[0mAdd\u001b[0m\n                  \u001b[36m</Text>\u001b[39m\n                \u001b[36m</View>\u001b[39m\n              \u001b[36m</View>\u001b[39m\n            \u001b[36m</View>\u001b[39m\n            \u001b[36m<View\u001b[39m\n              \u001b[33mtestID\u001b[39m=\u001b[32m\"expense-list\"\u001b[39m\n            \u001b[36m>\u001b[39m\n              \u001b[36m<View>\u001b[39m\n                \u001b[36m<View>\u001b[39m\n                  \u001b[36m<Text>\u001b[39m\n                    \u001b[0mGroceries\u001b[0m\n                  \u001b[36m</Text>\u001b[39m\n                  \u001b[36m<Text>\u001b[39m\n                    \u001b[0mDate: \u001b[0m\n                    \u001b[0m12/05/2026\u001b[0m\n                  \u001b[36m</Text>\u001b[39m\n                  \u001b[36m<Text>\u001b[39m\n                    \u001b[0mPaid by \u001b[0m\n                    \u001b[0mPerson 1\u001b[0m\n                  \u001b[36m</Text>\u001b[39m\n                  \u001b[36m<Text>\u001b[39m\n                    \u001b[0mSplit: \u001b[0m\n                    \u001b[0mPerson 1 50%, Person 2 50%\u001b[0m\n                  \u001b[36m</Text>\u001b[39m\n                \u001b[36m</View>\u001b[39m\n                \u001b[36m<View>\u001b[39m\n                  \u001b[36m<Text>\u001b[39m\n                    \u001b[0mEUR \u001b[0m\n                    \u001b[0m24.50\u001b[0m\n                  \u001b[36m</Text>\u001b[39m\n                  \u001b[36m<View\u001b[39m\n                    \u001b[33maccessibilityLabel\u001b[39m=\u001b[32m\"Edit Groceries\"\u001b[39m\n                    \u001b[33maccessible\u001b[39m=\u001b[32m{true}\u001b[39m\n                    \u001b[33mtestID\u001b[39m=\u001b[32m\"edit-expense-expense-1\"\u001b[39m\n                  \u001b[36m>\u001b[39m\n                    \u001b[36m<Text>\u001b[39m\n                      \u001b[0mEdit\u001b[0m\n                    \u001b[36m</Text>\u001b[39m\n                  \u001b[36m</View>\u001b[39m\n                \u001b[36m</View>\u001b[39m\n              \u001b[36m</View>\u001b[39m\n            \u001b[36m</View>\u001b[39m\n          \u001b[36m</View>\u001b[39m\n          \u001b[36m<View>\u001b[39m\n            \u001b[36m<View>\u001b[39m\n              \u001b[36m<View>\u001b[39m\n                \u001b[36m<Text>\u001b[39m\n                  \u001b[0mGroup members\u001b[0m\n                \u001b[36m</Text>\u001b[39m\n                \u001b[36m<Text>\u001b[39m\n                  \u001b[0mManage group members.\u001b[0m\n                \u001b[36m</Text>\u001b[39m\n              \u001b[36m</View>\u001b[39m\n              \u001b[36m<View\u001b[39m\n                \u001b[33maccessibilityLabel\u001b[39m=\u001b[32m\"Manage members\"\u001b[39m\n                \u001b[33maccessible\u001b[39m=\u001b[32m{true}\u001b[39m\n                \u001b[33mtestID\u001b[39m=\u001b[32m\"toggle-members-button\"\u001b[39m\n              \u001b[36m>\u001b[39m\n                \u001b[36m<Text>\u001b[39m\n                  \u001b[0mShow members\u001b[0m\n                \u001b[36m</Text>\u001b[39m\n              \u001b[36m</View>\u001b[39m\n            \u001b[36m</View>\u001b[39m\n          \u001b[36m</View>\u001b[39m\n        \u001b[36m</View>\u001b[39m\n      \u001b[36m</RCTScrollView>\u001b[39m\n    \u001b[36m</RCTSafeAreaView>\u001b[39m\n\u001b[2m\u001b[22m\n\u001b[2m    \u001b[0m \u001b[90m 17 |\u001b[39m     fireEvent\u001b[33m.\u001b[39mpress(getByTestId(\u001b[32m\"participant-toggle-Person 3\"\u001b[39m))\u001b[33m;\u001b[39m\u001b[22m\n\u001b[2m     \u001b[90m 18 |\u001b[39m     fireEvent\u001b[33m.\u001b[39mchangeText(getByTestId(\u001b[32m\"participant-weight-Person 1\"\u001b[39m)\u001b[33m,\u001b[39m \u001b[32m\"75\"\u001b[39m)\u001b[33m;\u001b[39m\u001b[22m\n\u001b[2m    \u001b[31m\u001b[1m>\u001b[22m\u001b[2m\u001b[39m\u001b[90m 19 |\u001b[39m     fireEvent\u001b[33m.\u001b[39mchangeText(getByTestId(\u001b[32m\"participant-weight-Person 3\"\u001b[39m)\u001b[33m,\u001b[39m \u001b[32m\"25\"\u001b[39m)\u001b[33m;\u001b[39m\u001b[22m\n\u001b[2m     \u001b[90m    |\u001b[39m                          \u001b[31m\u001b[1m^\u001b[22m\u001b[2m\u001b[39m\u001b[22m\n\u001b[2m     \u001b[90m 20 |\u001b[39m     fireEvent\u001b[33m.\u001b[39mpress(getByTestId(\u001b[32m\"save-expense-button\"\u001b[39m))\u001b[33m;\u001b[39m\u001b[22m\n\u001b[2m     \u001b[90m 21 |\u001b[39m\u001b[22m\n\u001b[2m     \u001b[90m 22 |\u001b[39m     \u001b[90m// Then the saved split names the selected participants and omits the removed one\u001b[39m\u001b[0m\u001b[22m\n\u001b[2m\u001b[22m\n\u001b[2m      \u001b[2mat Object.getByTestId (\u001b[22m\u001b[2m\u001b[0m\u001b[36m__tests__/expense-participants.acceptance.test.tsx\u001b[39m\u001b[0m\u001b[2m:19:26)\u001b[22m\u001b[2m\u001b[22m\n\n\u001b[1m\u001b[31m  \u001b[1m● \u001b[22m\u001b[1mFeature: Choose expense participants › Scenario: Given the user is adding an expense, When selected participant percentages do not total 100, Then the form reports the invalid total and keeps the user in the participant split flow\u001b[39m\u001b[22m\n\n    \u001b[2mexpect(\u001b[22m\u001b[31mreceived\u001b[39m\u001b[2m).\u001b[22mtoContain\u001b[2m(\u001b[22m\u001b[32mexpected\u001b[39m\u001b[2m) // indexOf\u001b[22m\n\n    Expected substring: \u001b[32m\"90\"\u001b[39m\n    Received string:    \u001b[31m\"123,%\"\u001b[39m\n\u001b[2m\u001b[22m\n\u001b[2m    \u001b[0m \u001b[90m 41 |\u001b[39m     \u001b[90m// Then the user sees why the split cannot be saved yet\u001b[39m\u001b[22m\n\u001b[2m     \u001b[90m 42 |\u001b[39m     expect(getByText(\u001b[32m\"Participant percentages must total 100%.\"\u001b[39m))\u001b[33m.\u001b[39mtoBeTruthy()\u001b[33m;\u001b[39m\u001b[22m\n\u001b[2m    \u001b[31m\u001b[1m>\u001b[22m\u001b[2m\u001b[39m\u001b[90m 43 |\u001b[39m     expect(\u001b[33mString\u001b[39m(getByTestId(\u001b[32m\"participants-total\"\u001b[39m)\u001b[33m.\u001b[39mprops\u001b[33m.\u001b[39mchildren))\u001b[33m.\u001b[39mtoContain(\u001b[32m\"90\"\u001b[39m)\u001b[33m;\u001b[39m\u001b[22m\n\u001b[2m     \u001b[90m    |\u001b[39m                                                                      \u001b[31m\u001b[1m^\u001b[22m\u001b[2m\u001b[39m\u001b[22m\n\u001b[2m     \u001b[90m 44 |\u001b[39m   })\u001b[33m;\u001b[39m\u001b[22m\n\u001b[2m     \u001b[90m 45 |\u001b[39m })\u001b[33m;\u001b[39m\u001b[22m\n\u001b[2m     \u001b[90m 46 |\u001b[39m\u001b[0m\u001b[22m\n\u001b[2m\u001b[22m\n\u001b[2m      \u001b[2mat Object.toContain (\u001b[22m\u001b[2m\u001b[0m\u001b[36m__tests__/expense-participants.acceptance.test.tsx\u001b[39m\u001b[0m\u001b[2m:43:70)\u001b[22m\u001b[2m\u001b[22m\n","name":"C:\\Users\\carli\\Documents\\ES\\T5\\__tests__\\expense-participants.acceptance.test.tsx","startTime":1778631584302,"status":"failed","summary":""},{"assertionResults":[{"ancestorTitles":["Feature: Add an expense to a group"],"duration":278,"failureDetails":[{}],"failureMessages":["Error: Found multiple elements with text: Internet bill\n    at Object.getByText (C:\\Users\\carli\\Documents\\ES\\T5\\__tests__\\add-expense.acceptance.test.tsx:21:12)\n    at Promise.then.completed (C:\\Users\\carli\\Documents\\ES\\T5\\node_modules\\jest-circus\\build\\utils.js:298:28)\n    at new Promise (<anonymous>)\n    at callAsyncCircusFn (C:\\Users\\carli\\Documents\\ES\\T5\\node_modules\\jest-circus\\build\\utils.js:231:10)\n    at _callCircusTest (C:\\Users\\carli\\Documents\\ES\\T5\\node_modules\\jest-circus\\build\\run.js:316:40)\n    at _runTest (C:\\Users\\carli\\Documents\\ES\\T5\\node_modules\\jest-circus\\build\\run.js:252:3)\n    at _runTestsForDescribeBlock (C:\\Users\\carli\\Documents\\ES\\T5\\node_modules\\jest-circus\\build\\run.js:126:9)\n    at _runTestsForDescribeBlock (C:\\Users\\carli\\Documents\\ES\\T5\\node_modules\\jest-circus\\build\\run.js:121:9)\n    at run (C:\\Users\\carli\\Documents\\ES\\T5\\node_modules\\jest-circus\\build\\run.js:71:3)\n    at runAndTransformResultsToJestFormat (C:\\Users\\carli\\Documents\\ES\\T5\\node_modules\\jest-circus\\build\\legacy-code-todo-rewrite\\jestAdapterInit.js:122:21)\n    at jestAdapter (C:\\Users\\carli\\Documents\\ES\\T5\\node_modules\\jest-circus\\build\\legacy-code-todo-rewrite\\jestAdapter.js:79:19)\n    at runTestInternal (C:\\Users\\carli\\Documents\\ES\\T5\\node_modules\\jest-runner\\build\\runTest.js:367:16)\n    at runTest (C:\\Users\\carli\\Documents\\ES\\T5\\node_modules\\jest-runner\\build\\runTest.js:444:34)"],"fullName":"Feature: Add an expense to a group Scenario: Given the user is adding an expense, When they submit valid details, Then the group expense list includes the new expense with the submitted amount and payer","invocations":1,"location":null,"numPassingAsserts":1,"retryReasons":[],"status":"failed","title":"Scenario: Given the user is adding an expense, When they submit valid details, Then the group expense list includes the new expense with the submitted amount and payer"},{"ancestorTitles":["Feature: Add an expense to a group"],"duration":140,"failureDetails":[],"failureMessages":[],"fullName":"Feature: Add an expense to a group Scenario: Given the user is adding an expense, When they submit an invalid amount, Then the form explains the amount problem and prevents the expense from being added","invocations":1,"location":null,"numPassingAsserts":2,"retryReasons":[],"status":"passed","title":"Scenario: Given the user is adding an expense, When they submit an invalid amount, Then the form explains the amount problem and prevents the expense from being added"}],"endTime":1778631586182,"message":"\u001b[1m\u001b[31m  \u001b[1m● \u001b[22m\u001b[1mFeature: Add an expense to a group › Scenario: Given the user is adding an expense, When they submit valid details, Then the group expense list includes the new expense with the submitted amount and payer\u001b[39m\u001b[22m\n\n    Found multiple elements with text: Internet bill\n\u001b[2m\u001b[22m\n\u001b[2m    \u001b[0m \u001b[90m 19 |\u001b[39m     \u001b[90m// Then the new expense is visible with no amount validation error\u001b[39m\u001b[22m\n\u001b[2m     \u001b[90m 20 |\u001b[39m     expect(queryByText(\u001b[32m\"Please enter a valid expense amount.\"\u001b[39m))\u001b[33m.\u001b[39mtoBeNull()\u001b[33m;\u001b[39m\u001b[22m\n\u001b[2m    \u001b[31m\u001b[1m>\u001b[22m\u001b[2m\u001b[39m\u001b[90m 21 |\u001b[39m     expect(getByText(\u001b[32m\"Internet bill\"\u001b[39m))\u001b[33m.\u001b[39mtoBeTruthy()\u001b[33m;\u001b[39m\u001b[22m\n\u001b[2m     \u001b[90m    |\u001b[39m            \u001b[31m\u001b[1m^\u001b[22m\u001b[2m\u001b[39m\u001b[22m\n\u001b[2m     \u001b[90m 22 |\u001b[39m     expect(getAllByText(\u001b[32m\"Paid by Person 1\"\u001b[39m)\u001b[33m.\u001b[39mlength)\u001b[33m.\u001b[39mtoBeGreaterThan(\u001b[35m0\u001b[39m)\u001b[33m;\u001b[39m\u001b[22m\n\u001b[2m     \u001b[90m 23 |\u001b[39m     expect(getByText(\u001b[32m\"EUR 29.99\"\u001b[39m))\u001b[33m.\u001b[39mtoBeTruthy()\u001b[33m;\u001b[39m\u001b[22m\n\u001b[2m     \u001b[90m 24 |\u001b[39m   })\u001b[33m;\u001b[39m\u001b[0m\u001b[22m\n\u001b[2m\u001b[22m\n\u001b[2m      \u001b[2mat Object.getByText (\u001b[22m\u001b[2m\u001b[0m\u001b[36m__tests__/add-expense.acceptance.test.tsx\u001b[39m\u001b[0m\u001b[2m:21:12)\u001b[22m\u001b[2m\u001b[22m\n","name":"C:\\Users\\carli\\Documents\\ES\\T5\\__tests__\\add-expense.acceptance.test.tsx","startTime":1778631585317,"status":"failed","summary":""},{"assertionResults":[{"ancestorTitles":["Group flows with Firebase-backed data","Remove member flow"],"duration":147,"failureDetails":[],"failureMessages":[],"fullName":"Group flows with Firebase-backed data Remove member flow shows the members list and the removable member","invocations":1,"location":null,"numPassingAsserts":2,"retryReasons":[],"status":"passed","title":"shows the members list and the removable member"},{"ancestorTitles":["Group flows with Firebase-backed data","Remove member flow"],"duration":107,"failureDetails":[],"failureMessages":[],"fullName":"Group flows with Firebase-backed data Remove member flow removes Person 3 from the group","invocations":1,"location":null,"numPassingAsserts":4,"retryReasons":[],"status":"passed","title":"removes Person 3 from the group"},{"ancestorTitles":["Group flows with Firebase-backed data","Remove member flow"],"duration":87,"failureDetails":[],"failureMessages":[],"fullName":"Group flows with Firebase-backed data Remove member flow prevents removing the current user","invocations":1,"location":null,"numPassingAsserts":2,"retryReasons":[],"status":"passed","title":"prevents removing the current user"},{"ancestorTitles":["Group flows with Firebase-backed data","Remove member flow"],"duration":62,"failureDetails":[],"failureMessages":[],"fullName":"Group flows with Firebase-backed data Remove member flow prevents removing a member with unsettled balance","invocations":1,"location":null,"numPassingAsserts":2,"retryReasons":[],"status":"passed","title":"prevents removing a member with unsettled balance"},{"ancestorTitles":["Group flows with Firebase-backed data","Leave group flow"],"duration":62,"failureDetails":[],"failureMessages":[],"fullName":"Group flows with Firebase-backed data Leave group flow allows a member with settled balances to leave","invocations":1,"location":null,"numPassingAsserts":4,"retryReasons":[],"status":"passed","title":"allows a member with settled balances to leave"},{"ancestorTitles":["Group flows with Firebase-backed data","Leave group flow"],"duration":100,"failureDetails":[],"failureMessages":[],"fullName":"Group flows with Firebase-backed data Leave group flow prevents leaving when balances are unsettled","invocations":1,"location":null,"numPassingAsserts":2,"retryReasons":[],"status":"passed","title":"prevents leaving when balances are unsettled"},{"ancestorTitles":["Group flows with Firebase-backed data","Delete group flow"],"duration":100,"failureDetails":[],"failureMessages":[],"fullName":"Group flows with Firebase-backed data Delete group flow allows the owner to delete a settled group","invocations":1,"location":null,"numPassingAsserts":4,"retryReasons":[],"status":"passed","title":"allows the owner to delete a settled group"},{"ancestorTitles":["Group flows with Firebase-backed data","Delete group flow"],"duration":163,"failureDetails":[],"failureMessages":[],"fullName":"Group flows with Firebase-backed data Delete group flow prevents deleting a group with unsettled balances","invocations":1,"location":null,"numPassingAsserts":4,"retryReasons":[],"status":"passed","title":"prevents deleting a group with unsettled balances"}],"endTime":1778631587517,"message":"","name":"C:\\Users\\carli\\Documents\\ES\\T5\\__tests__\\remove-member-ui.test.tsx","startTime":1778631586191,"status":"passed","summary":""},{"assertionResults":[{"ancestorTitles":["Feature: View group balances"],"duration":107,"failureDetails":[],"failureMessages":[],"fullName":"Feature: View group balances Scenario: Given the active group has expenses, When the dashboard is opened, Then the current balance panel shows the user's net balance and the settlement needed to square the group","invocations":1,"location":null,"numPassingAsserts":4,"retryReasons":[],"status":"passed","title":"Scenario: Given the active group has expenses, When the dashboard is opened, Then the current balance panel shows the user's net balance and the settlement needed to square the group"},{"ancestorTitles":["Feature: View group balances"],"duration":180,"failureDetails":[],"failureMessages":[],"fullName":"Feature: View group balances Scenario: Given the active group has an expense, When the expense amount is edited, Then the dashboard recalculates the net balance and settlement instruction from the updated amount","invocations":1,"location":null,"numPassingAsserts":4,"retryReasons":[],"status":"passed","title":"Scenario: Given the active group has an expense, When the expense amount is edited, Then the dashboard recalculates the net balance and settlement instruction from the updated amount"},{"ancestorTitles":["Feature: View group balances"],"duration":205,"failureDetails":[],"failureMessages":[],"fullName":"Feature: View group balances Scenario: Given a newly created group has no expenses, When it becomes active, Then the dashboard hides the balance panel because there is no debt to summarize","invocations":1,"location":null,"numPassingAsserts":1,"retryReasons":[],"status":"passed","title":"Scenario: Given a newly created group has no expenses, When it becomes active, Then the dashboard hides the balance panel because there is no debt to summarize"}],"endTime":1778631588538,"message":"","name":"C:\\Users\\carli\\Documents\\ES\\T5\\__tests__\\balance.acceptance.test.tsx","startTime":1778631587529,"status":"passed","summary":""},{"assertionResults":[{"ancestorTitles":["Feature: Identify who paid for an expense"],"duration":274,"failureDetails":[],"failureMessages":[],"fullName":"Feature: Identify who paid for an expense Scenario: Given the user is adding an expense, When they select a payer, Then the saved expense names that payer and does not show a missing-payer validation error","invocations":1,"location":null,"numPassingAsserts":3,"retryReasons":[],"status":"passed","title":"Scenario: Given the user is adding an expense, When they select a payer, Then the saved expense names that payer and does not show a missing-payer validation error"},{"ancestorTitles":["Feature: Identify who paid for an expense"],"duration":135,"failureDetails":[],"failureMessages":[],"fullName":"Feature: Identify who paid for an expense Scenario: Given an existing expense has a payer, When the payer is changed while editing, Then the expenses list reflects the new payer for that existing expense","invocations":1,"location":null,"numPassingAsserts":3,"retryReasons":[],"status":"passed","title":"Scenario: Given an existing expense has a payer, When the payer is changed while editing, Then the expenses list reflects the new payer for that existing expense"}],"endTime":1778631589515,"message":"","name":"C:\\Users\\carli\\Documents\\ES\\T5\\__tests__\\expense-payer.acceptance.test.tsx","startTime":1778631588546,"status":"passed","summary":""},{"assertionResults":[{"ancestorTitles":["Feature: Join a group"],"duration":270,"failureDetails":[],"failureMessages":[],"fullName":"Feature: Join a group Scenario: Given another group is active, When the user enters an existing invite code, Then the app switches them into the invited group and confirms the join","invocations":1,"location":null,"numPassingAsserts":3,"retryReasons":[],"status":"passed","title":"Scenario: Given another group is active, When the user enters an existing invite code, Then the app switches them into the invited group and confirms the join"}],"endTime":1778631590265,"message":"","name":"C:\\Users\\carli\\Documents\\ES\\T5\\__tests__\\join-group.acceptance.test.tsx","startTime":1778631589523,"status":"passed","summary":""},{"assertionResults":[{"ancestorTitles":["Feature: Edit an expense"],"duration":216,"failureDetails":[],"failureMessages":[],"fullName":"Feature: Edit an expense Scenario: Given a saved expense exists, When the user edits and saves it, Then the expenses list shows the corrected details and no longer shows the outdated entry","invocations":1,"location":null,"numPassingAsserts":5,"retryReasons":[],"status":"passed","title":"Scenario: Given a saved expense exists, When the user edits and saves it, Then the expenses list shows the corrected details and no longer shows the outdated entry"}],"endTime":1778631590988,"message":"","name":"C:\\Users\\carli\\Documents\\ES\\T5\\__tests__\\edit-expense.acceptance.test.tsx","startTime":1778631590275,"status":"passed","summary":""},{"assertionResults":[{"ancestorTitles":["Feature: Create a group"],"duration":190,"failureDetails":[],"failureMessages":[],"fullName":"Feature: Create a group Scenario: Given the user wants a new group, When they submit a group name, Then the app activates that group, gives the user a share code, and starts with no balance summary","invocations":1,"location":null,"numPassingAsserts":4,"retryReasons":[],"status":"passed","title":"Scenario: Given the user wants a new group, When they submit a group name, Then the app activates that group, gives the user a share code, and starts with no balance summary"}],"endTime":1778631591645,"message":"","name":"C:\\Users\\carli\\Documents\\ES\\T5\\__tests__\\create-group.acceptance.test.tsx","startTime":1778631590997,"status":"passed","summary":""},{"assertionResults":[{"ancestorTitles":["Feature: Validate and calculate expenses"],"duration":0,"failureDetails":[],"failureMessages":[],"fullName":"Feature: Validate and calculate expenses Scenario: Given expense details contain a blank or negative amount, When the expense is validated, Then the user receives an amount-specific validation message","invocations":1,"location":null,"numPassingAsserts":2,"retryReasons":[],"status":"passed","title":"Scenario: Given expense details contain a blank or negative amount, When the expense is validated, Then the user receives an amount-specific validation message"},{"ancestorTitles":["Feature: Validate and calculate expenses"],"duration":0,"failureDetails":[],"failureMessages":[],"fullName":"Feature: Validate and calculate expenses Scenario: Given participant percentages add up to less than 100, When the expense is validated, Then the user receives a split-total validation message","invocations":1,"location":null,"numPassingAsserts":1,"retryReasons":[],"status":"passed","title":"Scenario: Given participant percentages add up to less than 100, When the expense is validated, Then the user receives a split-total validation message"},{"ancestorTitles":["Feature: Validate and calculate expenses"],"duration":2,"failureDetails":[],"failureMessages":[],"fullName":"Feature: Validate and calculate expenses Scenario: Given valid expense details, When an expense entry is created, Then the saved expense contains normalized numeric values and selected participants only","invocations":1,"location":null,"numPassingAsserts":2,"retryReasons":[],"status":"passed","title":"Scenario: Given valid expense details, When an expense entry is created, Then the saved expense contains normalized numeric values and selected participants only"},{"ancestorTitles":["Feature: Validate and calculate expenses"],"duration":1,"failureDetails":[],"failureMessages":[],"fullName":"Feature: Validate and calculate expenses Scenario: Given one member paid for a shared expense, When balances and settlements are calculated, Then the payer is credited, the participant is debited, and the settlement clears the debt","invocations":1,"location":null,"numPassingAsserts":2,"retryReasons":[],"status":"passed","title":"Scenario: Given one member paid for a shared expense, When balances and settlements are calculated, Then the payer is credited, the participant is debited, and the settlement clears the debt"},{"ancestorTitles":["Feature: Validate and calculate expenses"],"duration":0,"failureDetails":[],"failureMessages":[],"fullName":"Feature: Validate and calculate expenses Scenario: Given the current member both paid for and benefited from shared expenses, When their debt breakdown is calculated, Then covered amounts are marked positive and amounts owed to others are marked negative","invocations":1,"location":null,"numPassingAsserts":1,"retryReasons":[],"status":"passed","title":"Scenario: Given the current member both paid for and benefited from shared expenses, When their debt breakdown is calculated, Then covered amounts are marked positive and amounts owed to others are marked negative"}],"endTime":1778631591772,"message":"","name":"C:\\Users\\carli\\Documents\\ES\\T5\\__tests__\\expense-utils.test.ts","startTime":1778631591653,"status":"passed","summary":""}],"wasInterrupted":false}
